[0.011s] Invoking command in '/home/laelt/project_ws/build/Fla': CMAKE_PREFIX_PATH=/opt/ros/humble /usr/bin/cmake --build /home/laelt/project_ws/build/Fla -- -j4 -l4
[0.037s] -- Found ament_cmake: 1.3.11 (/opt/ros/humble/share/ament_cmake/cmake)
[0.170s] -- Found gazebo_ros_pkgs: 3.9.0 (/opt/ros/humble/share/gazebo_ros_pkgs/cmake)
[0.170s] -- Found rclcpp: 16.0.12 (/opt/ros/humble/share/rclcpp/cmake)
[0.202s] -- Found rosidl_generator_c: 3.1.6 (/opt/ros/humble/share/rosidl_generator_c/cmake)
[0.205s] -- Found rosidl_adapter: 3.1.6 (/opt/ros/humble/share/rosidl_adapter/cmake)
[0.211s] -- Found rosidl_generator_cpp: 3.1.6 (/opt/ros/humble/share/rosidl_generator_cpp/cmake)
[0.222s] -- Using all available rosidl_typesupport_c: rosidl_typesupport_fastrtps_c;rosidl_typesupport_introspection_c
[0.236s] -- Using all available rosidl_typesupport_cpp: rosidl_typesupport_fastrtps_cpp;rosidl_typesupport_introspection_cpp
[0.272s] -- Found rmw_implementation_cmake: 6.1.2 (/opt/ros/humble/share/rmw_implementation_cmake/cmake)
[0.273s] -- Found rmw_fastrtps_cpp: 6.2.7 (/opt/ros/humble/share/rmw_fastrtps_cpp/cmake)
[0.386s] -- Using RMW implementation 'rmw_fastrtps_cpp' as default
[0.441s] -- Found geometry_msgs: 4.8.0 (/opt/ros/humble/share/geometry_msgs/cmake)
[0.455s] -- Found sensor_msgs: 4.8.0 (/opt/ros/humble/share/sensor_msgs/cmake)
[0.473s] -- Found ament_lint_auto: 0.12.12 (/opt/ros/humble/share/ament_lint_auto/cmake)
[0.530s] WARNING: Package name "Fla" does not follow the naming conventions. It should start with a lower case letter and only contain lower case letters, digits, underscores, and dashes.
[0.547s] -- Added test 'cppcheck' to perform static code analysis on C / C++ code
[0.547s] -- Configured cppcheck include dirs: $<BUILD_INTERFACE:/home/laelt/project_ws/src/Fla/include>
[0.547s] -- Configured cppcheck exclude dirs and/or files: 
[0.547s] -- Added test 'flake8' to check Python code syntax and style conventions
[0.548s] -- Added test 'lint_cmake' to check CMake code style
[0.548s] -- Added test 'pep257' to check Python code against some of the docstring style conventions in PEP 257
[0.549s] -- Added test 'uncrustify' to check C / C++ code style
[0.549s] -- Configured uncrustify additional arguments: 
[0.550s] -- Added test 'xmllint' to check XML markup files
[0.550s] -- Configuring done
[0.557s] -- Generating done
[0.560s] -- Build files have been written to: /home/laelt/project_ws/build/Fla
[0.586s] [35m[1mConsolidate compiler generated dependencies of target cefet[0m
[0.597s] [100%] Built target cefet
[0.609s] Invoked command in '/home/laelt/project_ws/build/Fla' returned '0': CMAKE_PREFIX_PATH=/opt/ros/humble /usr/bin/cmake --build /home/laelt/project_ws/build/Fla -- -j4 -l4
[0.620s] Invoking command in '/home/laelt/project_ws/build/Fla': CMAKE_PREFIX_PATH=/opt/ros/humble /usr/bin/cmake --install /home/laelt/project_ws/build/Fla
[0.627s] -- Install configuration: ""
[0.627s] -- Up-to-date: /home/laelt/project_ws/install/Fla/share/Fla/launch
[0.628s] -- Installing: /home/laelt/project_ws/install/Fla/share/Fla/launch/launch.py
[0.628s] -- Installing: /home/laelt/project_ws/install/Fla/share/Fla/Model
[0.628s] -- Installing: /home/laelt/project_ws/install/Fla/share/Fla/Model/building_robot.sdf
[0.628s] -- Installing: /home/laelt/project_ws/install/Fla/lib/Fla/cefet
[0.628s] -- Installing: /home/laelt/project_ws/install/Fla/share/ament_index/resource_index/package_run_dependencies/Fla
[0.628s] -- Installing: /home/laelt/project_ws/install/Fla/share/ament_index/resource_index/parent_prefix_path/Fla
[0.628s] -- Installing: /home/laelt/project_ws/install/Fla/share/Fla/environment/ament_prefix_path.sh
[0.629s] -- Installing: /home/laelt/project_ws/install/Fla/share/Fla/environment/ament_prefix_path.dsv
[0.629s] -- Installing: /home/laelt/project_ws/install/Fla/share/Fla/environment/path.sh
[0.629s] -- Installing: /home/laelt/project_ws/install/Fla/share/Fla/environment/path.dsv
[0.629s] -- Installing: /home/laelt/project_ws/install/Fla/share/Fla/local_setup.bash
[0.629s] -- Installing: /home/laelt/project_ws/install/Fla/share/Fla/local_setup.sh
[0.629s] -- Installing: /home/laelt/project_ws/install/Fla/share/Fla/local_setup.zsh
[0.629s] -- Installing: /home/laelt/project_ws/install/Fla/share/Fla/local_setup.dsv
[0.630s] -- Installing: /home/laelt/project_ws/install/Fla/share/Fla/package.dsv
[0.630s] -- Installing: /home/laelt/project_ws/install/Fla/share/ament_index/resource_index/packages/Fla
[0.630s] -- Installing: /home/laelt/project_ws/install/Fla/share/Fla/cmake/FlaConfig.cmake
[0.630s] -- Installing: /home/laelt/project_ws/install/Fla/share/Fla/cmake/FlaConfig-version.cmake
[0.631s] -- Installing: /home/laelt/project_ws/install/Fla/share/Fla/package.xml
[0.633s] Invoked command in '/home/laelt/project_ws/build/Fla' returned '0': CMAKE_PREFIX_PATH=/opt/ros/humble /usr/bin/cmake --install /home/laelt/project_ws/build/Fla
